Using pre-set license
Built from '2021.1/staging' branch; Version is '2021.1.5f1 (3737af19df53) revision 3618735'; Using compiler version '192528614'; Build Type 'Release'
OS: 'Windows 10 Home; OS build 19041.928; Version 2004; 64bit' Language: 'en' Physical Memory: 16344 MB
BatchMode: 1, IsHumanControllingUs: 0, StartBugReporterOnCrash: 0, Is64bit: 1, IsPro: 0

 COMMAND LINE ARGUMENTS:
C:\Program Files\Unity\Hub\Editor\2021.1.5f1\Editor\Unity.exe
-adb2
-batchMode
-noUpm
-name
AssetImportWorker0
-projectPath
C:/Users/tulunay/Desktop/Projects/Crash Site
-logFile
Logs/AssetImportWorker0.log
-srvPort
50911
Successfully changed project path to: C:/Users/tulunay/Desktop/Projects/Crash Site
C:/Users/tulunay/Desktop/Projects/Crash Site
Using Asset Import Pipeline V2.
Refreshing native plugins compatible for Editor in 70.39 ms, found 1 plugins.
Preloading 0 native plugins for Editor in 0.00 ms.
Initialize engine version: 2021.1.5f1 (3737af19df53)
[Subsystems] Discovering subsystems at path C:/Program Files/Unity/Hub/Editor/2021.1.5f1/Editor/Data/Resources/UnitySubsystems
[Subsystems] Discovering subsystems at path C:/Users/tulunay/Desktop/Projects/Crash Site/Assets
GfxDevice: creating device client; threaded=0; jobified=0
Direct3D:
    Version:  Direct3D 11.0 [level 11.1]
    Renderer: NVIDIA GeForce GTX 1080 Ti (ID=0x1b06)
    Vendor:   NVIDIA
    VRAM:     11127 MB
    Driver:   27.21.14.5671
Initialize mono
Mono path[0] = 'C:/Program Files/Unity/Hub/Editor/2021.1.5f1/Editor/Data/Managed'
Mono path[1] = 'C:/Program Files/Unity/Hub/Editor/2021.1.5f1/Editor/Data/MonoBleedingEdge/lib/mono/unityjit'
Mono config path = 'C:/Program Files/Unity/Hub/Editor/2021.1.5f1/Editor/Data/MonoBleedingEdge/etc'
Using monoOptions --debugger-agent=transport=dt_socket,embedding=1,server=y,suspend=n,address=127.0.0.1:56292
Begin MonoManager ReloadAssembly
Registering precompiled unity dll's ...
Register platform support module: C:/Program Files/Unity/Hub/Editor/2021.1.5f1/Editor/Data/PlaybackEngines/WindowsStandaloneSupport/UnityEditor.WindowsStandalone.Extensions.dll
Registered in 0.001801 seconds.
Native extension for WindowsStandalone target not found
Refreshing native plugins compatible for Editor in 71.89 ms, found 1 plugins.
Preloading 0 native plugins for Editor in 0.00 ms.
Mono: successfully reloaded assembly
- Completed reload, in  2.030 seconds
Platform modules already initialized, skipping
Registering precompiled user dll's ...
Registered in 0.002987 seconds.
Begin MonoManager ReloadAssembly
Native extension for WindowsStandalone target not found
Refreshing native plugins compatible for Editor in 0.41 ms, found 1 plugins.
Preloading 0 native plugins for Editor in 0.00 ms.
Mono: successfully reloaded assembly
- Completed reload, in  0.920 seconds
Platform modules already initialized, skipping
========================================================================
Worker process is ready to serve import requests
Launched and connected shader compiler UnityShaderCompiler.exe after 0.11 seconds
Refreshing native plugins compatible for Editor in 0.41 ms, found 1 plugins.
Preloading 0 native plugins for Editor in 0.00 ms.
Unloading 2673 Unused Serialized files (Serialized files now loaded: 0)
System memory in use before: 117.5 MB.
System memory in use after: 117.7 MB.

Unloading 15 unused Assets to reduce memory usage. Loaded Objects now: 3145.
Total: 2.319500 ms (FindLiveObjects: 0.253300 ms CreateObjectMapping: 0.149000 ms MarkObjects: 1.840700 ms  DeleteObjects: 0.075300 ms)

========================================================================
Received Import Request.
  path: Assets/Images/clipart337071.png
  artifactKey: Guid(e2625e44711edad4f827712c549a5fa3) Importer(815301076,1909f56bfc062723c751e8b465ee728b)
Start importing Assets/Images/clipart337071.png using Guid(e2625e44711edad4f827712c549a5fa3) Importer(815301076,1909f56bfc062723c751e8b465ee728b)  -> (artifact id: '73296161afec4e704d7c9d9f8633f061') in 0.556919 seconds 
========================================================================
Received Import Request.
  Time since last request: 0.000306 seconds.
  path: Assets/Images/ClipartKey_368253.png
  artifactKey: Guid(626a8c0d7b2abe640809d4d831e712aa) Importer(815301076,1909f56bfc062723c751e8b465ee728b)
Start importing Assets/Images/ClipartKey_368253.png using Guid(626a8c0d7b2abe640809d4d831e712aa) Importer(815301076,1909f56bfc062723c751e8b465ee728b)  -> (artifact id: '5e74ffbbd3ea2a37519ad2852872af88') in 0.018244 seconds 
========================================================================
Received Import Request.
  Time since last request: 0.000246 seconds.
  path: Assets/Images/ClipartKey_191105.png
  artifactKey: Guid(ddad66fdedf4b7d478fdf778b863103d) Importer(815301076,1909f56bfc062723c751e8b465ee728b)
Start importing Assets/Images/ClipartKey_191105.png using Guid(ddad66fdedf4b7d478fdf778b863103d) Importer(815301076,1909f56bfc062723c751e8b465ee728b)  -> (artifact id: 'e34b1f335e53ca252a9e4415871218e6') in 0.047265 seconds 
========================================================================
Received Import Request.
  Time since last request: 0.000276 seconds.
  path: Assets/Images/clipart1739373.png
  artifactKey: Guid(d62487170ab615143947e14d4d17733e) Importer(815301076,1909f56bfc062723c751e8b465ee728b)
Start importing Assets/Images/clipart1739373.png using Guid(d62487170ab615143947e14d4d17733e) Importer(815301076,1909f56bfc062723c751e8b465ee728b)  -> (artifact id: 'eae17d9f5ae48cd1f8e617d1ba18059e') in 0.023411 seconds 
========================================================================
Received Import Request.
  Time since last request: 0.000236 seconds.
  path: Assets/Images/pngaaa.com-1769690.png
  artifactKey: Guid(25ed20fba4e71e146849649c642bdb95) Importer(815301076,1909f56bfc062723c751e8b465ee728b)
Start importing Assets/Images/pngaaa.com-1769690.png using Guid(25ed20fba4e71e146849649c642bdb95) Importer(815301076,1909f56bfc062723c751e8b465ee728b)  -> (artifact id: '65fdb2130391374b8b1ea0e55d10e805') in 0.082234 seconds 
========================================================================
Received Import Request.
  Time since last request: 0.000235 seconds.
  path: Assets/Prefabs/Enemy Car (1) Variant.prefab
  artifactKey: Guid(b970e4ec37a38c6488521ac610bbfedf) Importer(815301076,1909f56bfc062723c751e8b465ee728b)
Start importing Assets/Prefabs/Enemy Car (1) Variant.prefab using Guid(b970e4ec37a38c6488521ac610bbfedf) Importer(815301076,1909f56bfc062723c751e8b465ee728b)  -> (artifact id: 'e18d5ec94231ed621514918af1be319c') in 0.192744 seconds 
========================================================================
Received Import Request.
  Time since last request: 0.000280 seconds.
  path: Assets/Images/clipart531242.png
  artifactKey: Guid(758e32f710828aa4db2e25473fe78e78) Importer(815301076,1909f56bfc062723c751e8b465ee728b)
Start importing Assets/Images/clipart531242.png using Guid(758e32f710828aa4db2e25473fe78e78) Importer(815301076,1909f56bfc062723c751e8b465ee728b)  -> (artifact id: '3b63cc45b896f5f9045ca99a48cde8f8') in 0.043738 seconds 
========================================================================
Received Import Request.
  Time since last request: 0.000255 seconds.
  path: Assets/Images/ClipartKey_48379.png
  artifactKey: Guid(3c171db474d2fa0429c279126d407bcd) Importer(815301076,1909f56bfc062723c751e8b465ee728b)
Start importing Assets/Images/ClipartKey_48379.png using Guid(3c171db474d2fa0429c279126d407bcd) Importer(815301076,1909f56bfc062723c751e8b465ee728b)  -> (artifact id: 'da984a81ac0b826ed6ab8899f94b586b') in 0.035739 seconds 
========================================================================
Received Import Request.
  Time since last request: 0.000283 seconds.
  path: Assets/Prefabs/Enemy Car.prefab
  artifactKey: Guid(c01062dc03f007f44bb31f557bf220bc) Importer(815301076,1909f56bfc062723c751e8b465ee728b)
Start importing Assets/Prefabs/Enemy Car.prefab using Guid(c01062dc03f007f44bb31f557bf220bc) Importer(815301076,1909f56bfc062723c751e8b465ee728b)  -> (artifact id: '6559d798eec4fb61891e651aadbb29dc') in 0.012996 seconds 
========================================================================
Received Import Request.
  Time since last request: 0.000224 seconds.
  path: Assets/Images/ClipartKey_1202919.png
  artifactKey: Guid(e210da21f904eac419c95dc18edcc30a) Importer(815301076,1909f56bfc062723c751e8b465ee728b)
Start importing Assets/Images/ClipartKey_1202919.png using Guid(e210da21f904eac419c95dc18edcc30a) Importer(815301076,1909f56bfc062723c751e8b465ee728b)  -> (artifact id: '3a008a5e351f7b5a27bf90c18fcd798d') in 0.025344 seconds 
========================================================================
Received Import Request.
  Time since last request: 0.000208 seconds.
  path: Assets/Images/ClipartKey_94451.png
  artifactKey: Guid(9bc8693841a81d04593caa35eeb277f6) Importer(815301076,1909f56bfc062723c751e8b465ee728b)
Start importing Assets/Images/ClipartKey_94451.png using Guid(9bc8693841a81d04593caa35eeb277f6) Importer(815301076,1909f56bfc062723c751e8b465ee728b)  -> (artifact id: 'f4999b89d478bda6f4a01087de22fe73') in 0.021492 seconds 
========================================================================
Received Import Request.
  Time since last request: 0.000242 seconds.
  path: Assets/Prefabs/Enemy Car (2) Variant.prefab
  artifactKey: Guid(1459c38b57ad37447aa979ed76bf256b) Importer(815301076,1909f56bfc062723c751e8b465ee728b)
Start importing Assets/Prefabs/Enemy Car (2) Variant.prefab using Guid(1459c38b57ad37447aa979ed76bf256b) Importer(815301076,1909f56bfc062723c751e8b465ee728b)  -> (artifact id: 'a5bf8f092c23d44ac72f30e3e76cc6a4') in 0.026911 seconds 
========================================================================
Received Import Request.
  Time since last request: 0.000210 seconds.
  path: Assets/Images/Game Over.png
  artifactKey: Guid(b960e3541b3807c4aaa998b655466060) Importer(815301076,1909f56bfc062723c751e8b465ee728b)
Start importing Assets/Images/Game Over.png using Guid(b960e3541b3807c4aaa998b655466060) Importer(815301076,1909f56bfc062723c751e8b465ee728b)  -> (artifact id: '84b749b3db0157d2e80066f2e4138ce9') in 0.018870 seconds 
========================================================================
Received Import Request.
  Time since last request: 5.688002 seconds.
  path: Assets/Prefabs/PlayerCar.prefab
  artifactKey: Guid(681bb3f35b44a5a4e9b136396fcc20e7) Importer(815301076,1909f56bfc062723c751e8b465ee728b)
Start importing Assets/Prefabs/PlayerCar.prefab using Guid(681bb3f35b44a5a4e9b136396fcc20e7) Importer(815301076,1909f56bfc062723c751e8b465ee728b)  -> (artifact id: 'e5c4e26c921c455cab22b3e90668bf1e') in 0.011986 seconds 
========================================================================
Received Import Request.
  Time since last request: 568.626854 seconds.
  path: Assets/Materials/New Material.mat
  artifactKey: Guid(0b495c85aa4a92e45828a1419412676c) Importer(815301076,1909f56bfc062723c751e8b465ee728b)
Start importing Assets/Materials/New Material.mat using Guid(0b495c85aa4a92e45828a1419412676c) Importer(815301076,1909f56bfc062723c751e8b465ee728b)  -> (artifact id: 'c1f7aba06a48626e02a8a6cdb0bee240') in 0.232297 seconds 
========================================================================
Received Import Request.
  Time since last request: 16.282178 seconds.
  path: Assets/Materials/New Physic Material.physicMaterial
  artifactKey: Guid(45d1acaf7d9d9624484669d313fe0d9d) Importer(815301076,1909f56bfc062723c751e8b465ee728b)
Start importing Assets/Materials/New Physic Material.physicMaterial using Guid(45d1acaf7d9d9624484669d313fe0d9d) Importer(815301076,1909f56bfc062723c751e8b465ee728b)  -> (artifact id: '4c4395e46db9bb14d59ede02ba3c87ef') in 0.007158 seconds 
========================================================================
Received Import Request.
  Time since last request: 6.228209 seconds.
  path: Assets/Materials/bouncy.physicMaterial
  artifactKey: Guid(45d1acaf7d9d9624484669d313fe0d9d) Importer(815301076,1909f56bfc062723c751e8b465ee728b)
Start importing Assets/Materials/bouncy.physicMaterial using Guid(45d1acaf7d9d9624484669d313fe0d9d) Importer(815301076,1909f56bfc062723c751e8b465ee728b)  -> (artifact id: 'fd2ee947d793e8d81a0665d2dcf9bd12') in 0.006117 seconds 
========================================================================
Received Import Request.
  Time since last request: 32.405801 seconds.
  path: Assets/Materials/bouncy.physicMaterial
  artifactKey: Guid(45d1acaf7d9d9624484669d313fe0d9d) Importer(815301076,1909f56bfc062723c751e8b465ee728b)
Start importing Assets/Materials/bouncy.physicMaterial using Guid(45d1acaf7d9d9624484669d313fe0d9d) Importer(815301076,1909f56bfc062723c751e8b465ee728b)  -> (artifact id: '50e28ca42fb8c94255712a1bf58cf1bb') in 0.002663 seconds 
========================================================================
Received Prepare
Registering precompiled user dll's ...
Registered in 0.002811 seconds.
Begin MonoManager ReloadAssembly
Native extension for WindowsStandalone target not found
Refreshing native plugins compatible for Editor in 0.41 ms, found 1 plugins.
Preloading 0 native plugins for Editor in 0.00 ms.
Mono: successfully reloaded assembly
- Completed reload, in  0.874 seconds
Platform modules already initialized, skipping
Switching build target platform(19) subTarget(0) extendedPlatform(0) -> platform(13) subTarget(537395200) extendedPlatform(0)
Refreshing native plugins compatible for Editor in 0.45 ms, found 1 plugins.
Preloading 0 native plugins for Editor in 0.00 ms.
Unloading 2681 Unused Serialized files (Serialized files now loaded: 0)
System memory in use before: 158.3 MB.
System memory in use after: 158.5 MB.

Unloading 10 unused Assets to reduce memory usage. Loaded Objects now: 3352.
Total: 2.072900 ms (FindLiveObjects: 0.239200 ms CreateObjectMapping: 0.150900 ms MarkObjects: 1.611900 ms  DeleteObjects: 0.069800 ms)

AssetImportParameters requested are different than current active one (requested -> active):
  custom:graphics/normal-map-encoding: 01000000000000000000000000000000 -> 02000000000000000000000000000000
========================================================================
Received Prepare
Registering precompiled user dll's ...
Registered in 0.002675 seconds.
Begin MonoManager ReloadAssembly
Native extension for WindowsStandalone target not found
Refreshing native plugins compatible for Editor in 0.43 ms, found 1 plugins.
Preloading 0 native plugins for Editor in 0.00 ms.
Mono: successfully reloaded assembly
- Completed reload, in  0.859 seconds
Platform modules already initialized, skipping
Switching build target platform(19) subTarget(0) extendedPlatform(0) -> platform(13) subTarget(537395200) extendedPlatform(0)
Refreshing native plugins compatible for Editor in 0.41 ms, found 1 plugins.
Preloading 0 native plugins for Editor in 0.00 ms.
Unloading 2671 Unused Serialized files (Serialized files now loaded: 0)
System memory in use before: 157.9 MB.
System memory in use after: 158.1 MB.

Unloading 10 unused Assets to reduce memory usage. Loaded Objects now: 3355.
Total: 1.957500 ms (FindLiveObjects: 0.229800 ms CreateObjectMapping: 0.112100 ms MarkObjects: 1.564600 ms  DeleteObjects: 0.050300 ms)

AssetImportParameters requested are different than current active one (requested -> active):
  custom:graphics/normal-map-encoding: 01000000000000000000000000000000 -> 02000000000000000000000000000000
========================================================================
Received Prepare
Registering precompiled user dll's ...
Registered in 0.002906 seconds.
Begin MonoManager ReloadAssembly
Native extension for WindowsStandalone target not found
Refreshing native plugins compatible for Editor in 0.42 ms, found 1 plugins.
Preloading 0 native plugins for Editor in 0.00 ms.
Mono: successfully reloaded assembly
- Completed reload, in  0.895 seconds
Platform modules already initialized, skipping
Switching build target platform(19) subTarget(0) extendedPlatform(0) -> platform(13) subTarget(537395200) extendedPlatform(0)
Refreshing native plugins compatible for Editor in 0.41 ms, found 1 plugins.
Preloading 0 native plugins for Editor in 0.00 ms.
Unloading 2671 Unused Serialized files (Serialized files now loaded: 0)
System memory in use before: 158.0 MB.
System memory in use after: 158.2 MB.

Unloading 10 unused Assets to reduce memory usage. Loaded Objects now: 3358.
Total: 1.851000 ms (FindLiveObjects: 0.244300 ms CreateObjectMapping: 0.130000 ms MarkObjects: 1.438900 ms  DeleteObjects: 0.037200 ms)

AssetImportParameters requested are different than current active one (requested -> active):
  custom:graphics/normal-map-encoding: 01000000000000000000000000000000 -> 02000000000000000000000000000000
========================================================================
Received Import Request.
  Time since last request: 624.170696 seconds.
  path: Assets/Materials/bouncy.physicMaterial
  artifactKey: Guid(45d1acaf7d9d9624484669d313fe0d9d) Importer(815301076,1909f56bfc062723c751e8b465ee728b)
Start importing Assets/Materials/bouncy.physicMaterial using Guid(45d1acaf7d9d9624484669d313fe0d9d) Importer(815301076,1909f56bfc062723c751e8b465ee728b)  -> (artifact id: '73ee2b955d69ab4fc078f736a6431303') in 0.012828 seconds 
========================================================================
Received Prepare
Registering precompiled user dll's ...
Registered in 0.002728 seconds.
Begin MonoManager ReloadAssembly
Native extension for WindowsStandalone target not found
Refreshing native plugins compatible for Editor in 0.67 ms, found 1 plugins.
Preloading 0 native plugins for Editor in 0.00 ms.
Mono: successfully reloaded assembly
- Completed reload, in  0.877 seconds
Platform modules already initialized, skipping
Switching build target platform(19) subTarget(0) extendedPlatform(0) -> platform(13) subTarget(537395200) extendedPlatform(0)
Refreshing native plugins compatible for Editor in 0.40 ms, found 1 plugins.
Preloading 0 native plugins for Editor in 0.00 ms.
Unloading 2671 Unused Serialized files (Serialized files now loaded: 0)
System memory in use before: 158.0 MB.
System memory in use after: 158.2 MB.

Unloading 10 unused Assets to reduce memory usage. Loaded Objects now: 3361.
Total: 1.821000 ms (FindLiveObjects: 0.194900 ms CreateObjectMapping: 0.108900 ms MarkObjects: 1.479100 ms  DeleteObjects: 0.037500 ms)

AssetImportParameters requested are different than current active one (requested -> active):
  custom:graphics/normal-map-encoding: 01000000000000000000000000000000 -> 02000000000000000000000000000000
========================================================================
Received Prepare
Refreshing native plugins compatible for Editor in 1.89 ms, found 1 plugins.
Preloading 0 native plugins for Editor in 0.00 ms.
Unloading 8 Unused Serialized files (Serialized files now loaded: 0)
System memory in use before: 105.6 MB.
System memory in use after: 105.8 MB.

Unloading 8 unused Assets to reduce memory usage. Loaded Objects now: 3361.
Total: 1.843500 ms (FindLiveObjects: 0.204200 ms CreateObjectMapping: 0.118100 ms MarkObjects: 1.486400 ms  DeleteObjects: 0.034200 ms)

========================================================================
Received Prepare
Refreshing native plugins compatible for Editor in 1.74 ms, found 1 plugins.
Preloading 0 native plugins for Editor in 0.00 ms.
Unloading 8 Unused Serialized files (Serialized files now loaded: 0)
System memory in use before: 105.6 MB.
System memory in use after: 105.8 MB.

Unloading 8 unused Assets to reduce memory usage. Loaded Objects now: 3361.
Total: 2.526500 ms (FindLiveObjects: 0.294300 ms CreateObjectMapping: 0.142000 ms MarkObjects: 2.026200 ms  DeleteObjects: 0.063200 ms)

========================================================================
Received Prepare
Refreshing native plugins compatible for Editor in 1.81 ms, found 1 plugins.
Preloading 0 native plugins for Editor in 0.00 ms.
Unloading 8 Unused Serialized files (Serialized files now loaded: 0)
System memory in use before: 105.6 MB.
System memory in use after: 105.8 MB.

Unloading 8 unused Assets to reduce memory usage. Loaded Objects now: 3361.
Total: 2.556200 ms (FindLiveObjects: 0.205400 ms CreateObjectMapping: 0.119300 ms MarkObjects: 2.178900 ms  DeleteObjects: 0.051600 ms)

========================================================================
Received Prepare
Registering precompiled user dll's ...
Registered in 0.002997 seconds.
Begin MonoManager ReloadAssembly
Native extension for WindowsStandalone target not found
Refreshing native plugins compatible for Editor in 0.46 ms, found 1 plugins.
Preloading 0 native plugins for Editor in 0.00 ms.
Mono: successfully reloaded assembly
- Completed reload, in  1.000 seconds
Platform modules already initialized, skipping
Switching build target platform(19) subTarget(0) extendedPlatform(0) -> platform(13) subTarget(537395200) extendedPlatform(0)
Refreshing native plugins compatible for Editor in 0.43 ms, found 1 plugins.
Preloading 0 native plugins for Editor in 0.00 ms.
Unloading 2671 Unused Serialized files (Serialized files now loaded: 0)
System memory in use before: 158.0 MB.
System memory in use after: 158.2 MB.

Unloading 10 unused Assets to reduce memory usage. Loaded Objects now: 3364.
Total: 2.105500 ms (FindLiveObjects: 0.216900 ms CreateObjectMapping: 0.115700 ms MarkObjects: 1.700200 ms  DeleteObjects: 0.071900 ms)

AssetImportParameters requested are different than current active one (requested -> active):
  custom:graphics/normal-map-encoding: 01000000000000000000000000000000 -> 02000000000000000000000000000000
========================================================================
Received Prepare
Registering precompiled user dll's ...
Registered in 0.003151 seconds.
Begin MonoManager ReloadAssembly
Native extension for WindowsStandalone target not found
Refreshing native plugins compatible for Editor in 0.42 ms, found 1 plugins.
Preloading 0 native plugins for Editor in 0.00 ms.
Mono: successfully reloaded assembly
- Completed reload, in  0.883 seconds
Platform modules already initialized, skipping
Switching build target platform(19) subTarget(0) extendedPlatform(0) -> platform(13) subTarget(537395200) extendedPlatform(0)
Refreshing native plugins compatible for Editor in 0.42 ms, found 1 plugins.
Preloading 0 native plugins for Editor in 0.00 ms.
Unloading 2671 Unused Serialized files (Serialized files now loaded: 0)
System memory in use before: 158.0 MB.
System memory in use after: 158.2 MB.

Unloading 10 unused Assets to reduce memory usage. Loaded Objects now: 3367.
Total: 1.876600 ms (FindLiveObjects: 0.202000 ms CreateObjectMapping: 0.109400 ms MarkObjects: 1.526300 ms  DeleteObjects: 0.038200 ms)

AssetImportParameters requested are different than current active one (requested -> active):
  custom:graphics/normal-map-encoding: 01000000000000000000000000000000 -> 02000000000000000000000000000000
========================================================================
Received Prepare
Registering precompiled user dll's ...
Registered in 0.002623 seconds.
Begin MonoManager ReloadAssembly
Native extension for WindowsStandalone target not found
Refreshing native plugins compatible for Editor in 0.40 ms, found 1 plugins.
Preloading 0 native plugins for Editor in 0.00 ms.
Mono: successfully reloaded assembly
- Completed reload, in  0.877 seconds
Platform modules already initialized, skipping
Switching build target platform(19) subTarget(0) extendedPlatform(0) -> platform(13) subTarget(537395200) extendedPlatform(0)
Refreshing native plugins compatible for Editor in 0.44 ms, found 1 plugins.
Preloading 0 native plugins for Editor in 0.00 ms.
Unloading 2671 Unused Serialized files (Serialized files now loaded: 0)
System memory in use before: 158.0 MB.
System memory in use after: 158.2 MB.

Unloading 10 unused Assets to reduce memory usage. Loaded Objects now: 3370.
Total: 2.406400 ms (FindLiveObjects: 0.238800 ms CreateObjectMapping: 0.139000 ms MarkObjects: 1.962700 ms  DeleteObjects: 0.065000 ms)

AssetImportParameters requested are different than current active one (requested -> active):
  custom:graphics/normal-map-encoding: 01000000000000000000000000000000 -> 02000000000000000000000000000000
========================================================================
Received Prepare
Registering precompiled user dll's ...
Registered in 0.002721 seconds.
Begin MonoManager ReloadAssembly
Native extension for WindowsStandalone target not found
Refreshing native plugins compatible for Editor in 0.41 ms, found 1 plugins.
Preloading 0 native plugins for Editor in 0.00 ms.
Mono: successfully reloaded assembly
- Completed reload, in  0.902 seconds
Platform modules already initialized, skipping
Switching build target platform(19) subTarget(0) extendedPlatform(0) -> platform(13) subTarget(537395200) extendedPlatform(0)
Refreshing native plugins compatible for Editor in 0.42 ms, found 1 plugins.
Preloading 0 native plugins for Editor in 0.00 ms.
Unloading 2671 Unused Serialized files (Serialized files now loaded: 0)
System memory in use before: 158.1 MB.
System memory in use after: 158.3 MB.

Unloading 10 unused Assets to reduce memory usage. Loaded Objects now: 3373.
Total: 1.925800 ms (FindLiveObjects: 0.220400 ms CreateObjectMapping: 0.117000 ms MarkObjects: 1.528800 ms  DeleteObjects: 0.058800 ms)

AssetImportParameters requested are different than current active one (requested -> active):
  custom:graphics/normal-map-encoding: 01000000000000000000000000000000 -> 02000000000000000000000000000000
========================================================================
Received Prepare
Registering precompiled user dll's ...
Registered in 0.002757 seconds.
Begin MonoManager ReloadAssembly
Native extension for WindowsStandalone target not found
Refreshing native plugins compatible for Editor in 0.42 ms, found 1 plugins.
Preloading 0 native plugins for Editor in 0.00 ms.
Mono: successfully reloaded assembly
- Completed reload, in  0.941 seconds
Platform modules already initialized, skipping
Switching build target platform(19) subTarget(0) extendedPlatform(0) -> platform(13) subTarget(537395200) extendedPlatform(0)
Refreshing native plugins compatible for Editor in 0.41 ms, found 1 plugins.
Preloading 0 native plugins for Editor in 0.00 ms.
Unloading 2671 Unused Serialized files (Serialized files now loaded: 0)
System memory in use before: 158.1 MB.
System memory in use after: 158.3 MB.

Unloading 10 unused Assets to reduce memory usage. Loaded Objects now: 3376.
Total: 2.285000 ms (FindLiveObjects: 0.233500 ms CreateObjectMapping: 0.134200 ms MarkObjects: 1.867700 ms  DeleteObjects: 0.048900 ms)

AssetImportParameters requested are different than current active one (requested -> active):
  custom:graphics/normal-map-encoding: 01000000000000000000000000000000 -> 02000000000000000000000000000000
========================================================================
Received Prepare
Refreshing native plugins compatible for Editor in 1.73 ms, found 1 plugins.
Preloading 0 native plugins for Editor in 0.00 ms.
Unloading 8 Unused Serialized files (Serialized files now loaded: 0)
System memory in use before: 105.6 MB.
System memory in use after: 105.8 MB.

Unloading 8 unused Assets to reduce memory usage. Loaded Objects now: 3376.
Total: 2.006500 ms (FindLiveObjects: 0.206300 ms CreateObjectMapping: 0.104800 ms MarkObjects: 1.641600 ms  DeleteObjects: 0.053200 ms)

========================================================================
Received Prepare
Registering precompiled user dll's ...
Registered in 0.002801 seconds.
Begin MonoManager ReloadAssembly
Native extension for WindowsStandalone target not found
Refreshing native plugins compatible for Editor in 0.40 ms, found 1 plugins.
Preloading 0 native plugins for Editor in 0.00 ms.
Mono: successfully reloaded assembly
- Completed reload, in  0.902 seconds
Platform modules already initialized, skipping
Switching build target platform(19) subTarget(0) extendedPlatform(0) -> platform(13) subTarget(537395200) extendedPlatform(0)
Refreshing native plugins compatible for Editor in 0.53 ms, found 1 plugins.
Preloading 0 native plugins for Editor in 0.00 ms.
Unloading 2671 Unused Serialized files (Serialized files now loaded: 0)
System memory in use before: 158.1 MB.
System memory in use after: 158.3 MB.

Unloading 10 unused Assets to reduce memory usage. Loaded Objects now: 3379.
Total: 2.528600 ms (FindLiveObjects: 0.225500 ms CreateObjectMapping: 0.142100 ms MarkObjects: 2.111400 ms  DeleteObjects: 0.048100 ms)

AssetImportParameters requested are different than current active one (requested -> active):
  custom:graphics/normal-map-encoding: 01000000000000000000000000000000 -> 02000000000000000000000000000000
========================================================================
Received Prepare
Registering precompiled user dll's ...
Registered in 0.002759 seconds.
Begin MonoManager ReloadAssembly
Native extension for WindowsStandalone target not found
Refreshing native plugins compatible for Editor in 0.41 ms, found 1 plugins.
Preloading 0 native plugins for Editor in 0.00 ms.
Mono: successfully reloaded assembly
- Completed reload, in  0.925 seconds
Platform modules already initialized, skipping
Switching build target platform(19) subTarget(0) extendedPlatform(0) -> platform(13) subTarget(537395200) extendedPlatform(0)
Refreshing native plugins compatible for Editor in 0.49 ms, found 1 plugins.
Preloading 0 native plugins for Editor in 0.00 ms.
Unloading 2671 Unused Serialized files (Serialized files now loaded: 0)
System memory in use before: 158.1 MB.
System memory in use after: 158.3 MB.

Unloading 10 unused Assets to reduce memory usage. Loaded Objects now: 3382.
Total: 2.050000 ms (FindLiveObjects: 0.239800 ms CreateObjectMapping: 0.141400 ms MarkObjects: 1.625500 ms  DeleteObjects: 0.042300 ms)

AssetImportParameters requested are different than current active one (requested -> active):
  custom:graphics/normal-map-encoding: 01000000000000000000000000000000 -> 02000000000000000000000000000000
========================================================================
Received Prepare
Refreshing native plugins compatible for Editor in 2.22 ms, found 1 plugins.
Preloading 0 native plugins for Editor in 0.00 ms.
Unloading 8 Unused Serialized files (Serialized files now loaded: 0)
System memory in use before: 105.6 MB.
System memory in use after: 105.8 MB.

Unloading 8 unused Assets to reduce memory usage. Loaded Objects now: 3382.
Total: 2.305000 ms (FindLiveObjects: 0.265000 ms CreateObjectMapping: 0.133100 ms MarkObjects: 1.865800 ms  DeleteObjects: 0.040300 ms)

========================================================================
Received Prepare
Registering precompiled user dll's ...
Registered in 0.003081 seconds.
Begin MonoManager ReloadAssembly
Native extension for WindowsStandalone target not found
Refreshing native plugins compatible for Editor in 0.41 ms, found 1 plugins.
Preloading 0 native plugins for Editor in 0.00 ms.
Mono: successfully reloaded assembly
- Completed reload, in  0.943 seconds
Platform modules already initialized, skipping
Switching build target platform(19) subTarget(0) extendedPlatform(0) -> platform(13) subTarget(537395200) extendedPlatform(0)
Refreshing native plugins compatible for Editor in 0.51 ms, found 1 plugins.
Preloading 0 native plugins for Editor in 0.00 ms.
Unloading 2671 Unused Serialized files (Serialized files now loaded: 0)
System memory in use before: 158.1 MB.
System memory in use after: 158.3 MB.

Unloading 10 unused Assets to reduce memory usage. Loaded Objects now: 3385.
Total: 2.453000 ms (FindLiveObjects: 0.232100 ms CreateObjectMapping: 0.539900 ms MarkObjects: 1.635200 ms  DeleteObjects: 0.044700 ms)

AssetImportParameters requested are different than current active one (requested -> active):
  custom:graphics/normal-map-encoding: 01000000000000000000000000000000 -> 02000000000000000000000000000000
AssetImportWorkerClient::OnTransportError - code=2 error=End of file
